{"/Users/daneryl/workspace/uwazi/js_server/specs/test.spec.js":{"path":"/Users/daneryl/workspace/uwazi/js_server/specs/test.spec.js","s":{"1":1,"2":1,"3":1,"4":1},"b":{},"f":{"1":1,"2":1,"3":1},"fnMap":{"1":{"name":"(anonymous_1)","line":3,"loc":{"start":{"line":3,"column":17},"end":{"line":3,"column":29}}},"2":{"name":"(anonymous_2)","line":5,"loc":{"start":{"line":5,"column":13},"end":{"line":5,"column":25}}},"3":{"name":"(anonymous_3)","line":9,"loc":{"start":{"line":9,"column":23},"end":{"line":9,"column":33}}}},"statementMap":{"1":{"start":{"line":3,"column":0},"end":{"line":13,"column":3}},"2":{"start":{"line":5,"column":2},"end":{"line":7,"column":5}},"3":{"start":{"line":9,"column":2},"end":{"line":11,"column":5}},"4":{"start":{"line":10,"column":4},"end":{"line":10,"column":28}}},"branchMap":{}}}